<?xml version="1.0" encoding="UTF-8"?>
<robot generator="Robot 3.2.2 (Python 3.8.5 on win32)" generated="20201004 14:03:20.267" rpa="false">
<suite id="s1" name="Radiobuttons" source="E:\SeleniumFramework\Robot\RobotTest1\TestCases\Radiobuttons.robot">
<test id="s1-t1" name="Testing Radio Button and Check Boxes">
<kw name="Open Browser" library="SeleniumLibrary">
<doc>Opens a new browser instance to the optional ``url``.</doc>
<arguments>
<arg>${url}</arg>
<arg>${browser}</arg>
</arguments>
<msg timestamp="20201004 14:03:25.219" level="INFO">Opening browser 'chrome' to base url 'http://www.practiceselenium.com/practice-form.html'.</msg>
<status status="PASS" starttime="20201004 14:03:25.219" endtime="20201004 14:03:42.001"></status>
</kw>
<kw name="Maximize Browser Window" library="SeleniumLibrary">
<doc>Maximizes current browser window.</doc>
<status status="PASS" starttime="20201004 14:03:42.049" endtime="20201004 14:03:44.191"></status>
</kw>
<kw name="Set Selenium Speed" library="SeleniumLibrary">
<doc>Sets the delay that is waited after each Selenium command.</doc>
<arguments>
<arg>2</arg>
</arguments>
<status status="PASS" starttime="20201004 14:03:44.192" endtime="20201004 14:03:44.193"></status>
</kw>
<kw name="Select Radio Button" library="SeleniumLibrary">
<doc>Sets the radio button group ``group_name`` to ``value``.</doc>
<arguments>
<arg>sex</arg>
<arg>Female</arg>
</arguments>
<msg timestamp="20201004 14:03:44.193" level="INFO">Selecting 'Female' from radio button 'sex'.</msg>
<status status="PASS" starttime="20201004 14:03:44.193" endtime="20201004 14:03:50.415"></status>
</kw>
<kw name="Select Radio Button" library="SeleniumLibrary">
<doc>Sets the radio button group ``group_name`` to ``value``.</doc>
<arguments>
<arg>exp</arg>
<arg>7</arg>
</arguments>
<msg timestamp="20201004 14:03:50.415" level="INFO">Selecting '7' from radio button 'exp'.</msg>
<status status="PASS" starttime="20201004 14:03:50.415" endtime="20201004 14:03:56.632"></status>
</kw>
<kw name="Select Checkbox" library="SeleniumLibrary">
<doc>Selects the checkbox identified by ``locator``.</doc>
<arguments>
<arg>BlackTea</arg>
</arguments>
<msg timestamp="20201004 14:03:56.632" level="INFO">Selecting checkbox 'BlackTea'.</msg>
<status status="PASS" starttime="20201004 14:03:56.632" endtime="20201004 14:04:04.787"></status>
</kw>
<kw name="Select Checkbox" library="SeleniumLibrary">
<doc>Selects the checkbox identified by ``locator``.</doc>
<arguments>
<arg>RedTea</arg>
</arguments>
<msg timestamp="20201004 14:04:04.787" level="INFO">Selecting checkbox 'RedTea'.</msg>
<status status="PASS" starttime="20201004 14:04:04.787" endtime="20201004 14:04:13.010"></status>
</kw>
<kw name="Unselect Checkbox" library="SeleniumLibrary">
<doc>Removes the selection of checkbox identified by ``locator``.</doc>
<arguments>
<arg>BlackTea</arg>
</arguments>
<msg timestamp="20201004 14:04:13.010" level="INFO">Unselecting checkbox 'BlackTea'.</msg>
<status status="PASS" starttime="20201004 14:04:13.010" endtime="20201004 14:04:21.147"></status>
</kw>
<status status="PASS" starttime="20201004 14:03:25.219" endtime="20201004 14:04:21.147" critical="yes"></status>
</test>
<status status="PASS" starttime="20201004 14:03:20.267" endtime="20201004 14:04:21.147"></status>
</suite>
<statistics>
<total>
<stat pass="1" fail="0">Critical Tests</stat>
<stat pass="1" fail="0">All Tests</stat>
</total>
<tag>
</tag>
<suite>
<stat pass="1" fail="0" id="s1" name="Radiobuttons">Radiobuttons</stat>
</suite>
</statistics>
<errors>
</errors>
</robot>
